\BOOKMARK [1][-]{section.1}{Introduzione}{}% 1
\BOOKMARK [1][-]{section.2}{Tecniche utilizzate}{}% 2
\BOOKMARK [2][-]{subsection.2.1}{Il filtro di Gabor}{section.2}% 3
\BOOKMARK [2][-]{subsection.2.2}{Descrittore di Covarianza}{section.2}% 4
\BOOKMARK [2][-]{subsection.2.3}{Tensori di Fisher}{section.2}% 5
\BOOKMARK [1][-]{section.3}{Algoritmo}{}% 6
\BOOKMARK [2][-]{subsection.3.1}{Estrazione delle features}{section.3}% 7
\BOOKMARK [2][-]{subsection.3.2}{Creazione di un modello a mistura di gaussiane}{section.3}% 8
\BOOKMARK [2][-]{subsection.3.3}{Calcolo dei tensori di Fisher}{section.3}% 9
\BOOKMARK [2][-]{subsection.3.4}{Classificazione}{section.3}% 10
\BOOKMARK [1][-]{section.4}{Dataset}{}% 11
\BOOKMARK [1][-]{section.5}{Risultati}{}% 12
\BOOKMARK [1][-]{section.6}{Implementazione}{}% 13
\BOOKMARK [2][-]{subsection.6.1}{Configurazioni iniziali}{section.6}% 14
\BOOKMARK [2][-]{subsection.6.2}{Esecuzione}{section.6}% 15
\BOOKMARK [1][-]{section.7}{Sviluppi successivi}{}% 16
\BOOKMARK [2][-]{subsection.7.1}{Analisi}{section.7}% 17
\BOOKMARK [2][-]{subsection.7.2}{Miglioramento del dataset}{section.7}% 18
\BOOKMARK [3][-]{subsubsection.7.2.1}{Risultati}{subsection.7.2}% 19
\BOOKMARK [2][-]{subsection.7.3}{Confronto tra due dataset diversi}{section.7}% 20
\BOOKMARK [1][-]{section.8}{Conclusioni}{}% 21
